
ROM used:   187/8192 (2%)
            187/8192 (2%) including unused fragments

            0.3 Average locations per line
            4.7 Average locations per statement

RAM used:   20/368 (5%) at main() level
            21/368 (6%) worst case

Stack used: 2 worst case (0 in main + 2 for interrupts)
Stack size: 8

Lines Stmts  %   Files
----- ----- ---  -----
   61    40 100  main.c
   10     0   0  main.h
  671     0   0  ..\..\..\..\Program Files (x86)\PICC\Devices\16F877A.h
----- -----
  742    40 Total

Page ROM  %  RAM    Vol Diff  Functions:
---- --- --- ---    --- ----  ----------
0     20  11    1             @delay_ms1
0     87  47    1    864  4.3  interrupt
0     33  18    0     67  1.2  MAIN
 Inline         0             @cinit1

Program metrics:
    Functions               2
    Statements              40
    Comments                119
    Volume (V)              1020
    Difficulty (D)          5.5
    Effort to implement (E) 5603
    Time to implement (T)   5 minutes
    Est Delivered Bugs (B)  0
    Cyclomatic Complexity   4
    Maintainability (MI)    61

 Segment     Used  Free
-----------  ----  ----
00000-00003     4  0  
00004-0002E    43  0  
0002F-007FF   140  1861  
00800-00FFF     0  2048  
01000-017FF     0  2048  
01800-01FFF     0  2048  



